app/build/intermediates/manifest_merge_blame_file/release/manifest-merger-blame-release-report.txt
1<?xml version="1.0" encoding="utf-8"?>
2<manifest xmlns:android="http://schemas.android.com/apk/res/android"
3    package="com.suretrustapp.suretrust"
4    android:versionCode="3"
5    android:versionName="2.0.0" >
6
7    <uses-sdk
8        android:minSdkVersion="24"
9        android:targetSdkVersion="33" />
10
11    <uses-permission android:name="android.permission.INTERNET" />
11-->src/main/AndroidManifest.xml:5:5-67
11-->src/main/AndroidManifest.xml:5:22-64
12
13    <permission
13-->[androidx.core:core:1.10.0] AndroidManifest.xml:22:5-24:47
14        android:name="com.suretrustapp.suretrust.DYNAMIC_RECEIVER_NOT_EXPORTED_PERMISSION"
14-->[androidx.core:core:1.10.0] AndroidManifest.xml:23:9-81
15        android:protectionLevel="signature" />
15-->[androidx.core:core:1.10.0] AndroidManifest.xml:24:9-44
16
17    <uses-permission android:name="com.suretrustapp.suretrust.DYNAMIC_RECEIVER_NOT_EXPORTED_PERMISSION" />
17-->[androidx.core:core:1.10.0] AndroidManifest.xml:26:5-97
17-->[androidx.core:core:1.10.0] AndroidManifest.xml:26:22-94
18
19    <application
19-->src/main/AndroidManifest.xml:7:5-38:19
20        android:name="com.suretrustapp.suretrust.di.SureTrustApplication"
20-->src/main/AndroidManifest.xml:8:9-48
21        android:allowBackup="true"
21-->src/main/AndroidManifest.xml:9:9-35
22        android:appComponentFactory="androidx.core.app.CoreComponentFactory"
22-->[androidx.core:core:1.10.0] AndroidManifest.xml:28:18-86
23        android:dataExtractionRules="@xml/data_extraction_rules"
23-->src/main/AndroidManifest.xml:10:9-65
24        android:extractNativeLibs="false"
25        android:fullBackupContent="@xml/backup_rules"
25-->src/main/AndroidManifest.xml:11:9-54
26        android:icon="@mipmap/ic_launcher"
26-->src/main/AndroidManifest.xml:12:9-43
27        android:label="@string/app_name"
27-->src/main/AndroidManifest.xml:13:9-41
28        android:roundIcon="@mipmap/ic_launcher_round"
28-->src/main/AndroidManifest.xml:14:9-54
29        android:supportsRtl="true"
29-->src/main/AndroidManifest.xml:15:9-35
30        android:theme="@style/Theme.SureTrust"
30-->src/main/AndroidManifest.xml:16:9-47
31        android:usesCleartextTraffic="true" >
31-->src/main/AndroidManifest.xml:17:9-44
32        <activity
32-->src/main/AndroidManifest.xml:19:9-21:40
33            android:name="com.suretrustapp.suretrust.presentation.helper_screens.PDFViewActivity"
33-->src/main/AndroidManifest.xml:20:13-72
34            android:exported="false" />
34-->src/main/AndroidManifest.xml:21:13-37
35        <activity
35-->src/main/AndroidManifest.xml:22:9-31:20
36            android:name="com.suretrustapp.suretrust.presentation.splash.SplashActivity"
36-->src/main/AndroidManifest.xml:23:13-63
37            android:exported="true"
37-->src/main/AndroidManifest.xml:24:13-36
38            android:theme="@style/Splash.Theme.SureTrust" >
38-->src/main/AndroidManifest.xml:25:13-58
39            <intent-filter>
39-->src/main/AndroidManifest.xml:26:13-30:29
40                <action android:name="android.intent.action.MAIN" />
40-->src/main/AndroidManifest.xml:27:17-69
40-->src/main/AndroidManifest.xml:27:25-66
41
42                <category android:name="android.intent.category.LAUNCHER" />
42-->src/main/AndroidManifest.xml:29:17-77
42-->src/main/AndroidManifest.xml:29:27-74
43            </intent-filter>
44        </activity>
45        <activity
45-->src/main/AndroidManifest.xml:32:9-34:40
46            android:name="com.suretrustapp.suretrust.presentation.helper_screens.WebViewActivity"
46-->src/main/AndroidManifest.xml:33:13-72
47            android:exported="false" />
47-->src/main/AndroidManifest.xml:34:13-37
48        <activity
48-->src/main/AndroidManifest.xml:35:9-37:40
49            android:name="com.suretrustapp.suretrust.presentation.bases.HomeActivity"
49-->src/main/AndroidManifest.xml:36:13-60
50            android:exported="false" />
50-->src/main/AndroidManifest.xml:37:13-37
51
52        <service
52-->[androidx.room:room-runtime:2.5.1] AndroidManifest.xml:24:9-28:63
53            android:name="androidx.room.MultiInstanceInvalidationService"
53-->[androidx.room:room-runtime:2.5.1] AndroidManifest.xml:25:13-74
54            android:directBootAware="true"
54-->[androidx.room:room-runtime:2.5.1] AndroidManifest.xml:26:13-43
55            android:exported="false" />
55-->[androidx.room:room-runtime:2.5.1] AndroidManifest.xml:27:13-37
56
57        <provider
57-->[androidx.emoji2:emoji2:1.4.0] AndroidManifest.xml:24:9-32:20
58            android:name="androidx.startup.InitializationProvider"
58-->[androidx.emoji2:emoji2:1.4.0] AndroidManifest.xml:25:13-67
59            android:authorities="com.suretrustapp.suretrust.androidx-startup"
59-->[androidx.emoji2:emoji2:1.4.0] AndroidManifest.xml:26:13-68
60            android:directBootAware="true"
60-->[com.louiscad.splitties:splitties-appctx-android:3.0.0] AndroidManifest.xml:15:13-43
61            android:exported="false" >
61-->[androidx.emoji2:emoji2:1.4.0] AndroidManifest.xml:27:13-37
62            <meta-data
62-->[androidx.emoji2:emoji2:1.4.0] AndroidManifest.xml:29:13-31:52
63                android:name="androidx.emoji2.text.EmojiCompatInitializer"
63-->[androidx.emoji2:emoji2:1.4.0] AndroidManifest.xml:30:17-75
64                android:value="androidx.startup" />
64-->[androidx.emoji2:emoji2:1.4.0] AndroidManifest.xml:31:17-49
65            <meta-data
65-->[androidx.lifecycle:lifecycle-process:2.6.2] AndroidManifest.xml:29:13-31:52
66                android:name="androidx.lifecycle.ProcessLifecycleInitializer"
66-->[androidx.lifecycle:lifecycle-process:2.6.2] AndroidManifest.xml:30:17-78
67                android:value="androidx.startup" />
67-->[androidx.lifecycle:lifecycle-process:2.6.2] AndroidManifest.xml:31:17-49
68            <meta-data
68-->[com.louiscad.splitties:splitties-appctx-android:3.0.0] AndroidManifest.xml:19:13-21:52
69                android:name="splitties.init.AppCtxInitializer"
69-->[com.louiscad.splitties:splitties-appctx-android:3.0.0] AndroidManifest.xml:20:17-64
70                android:value="androidx.startup" />
70-->[com.louiscad.splitties:splitties-appctx-android:3.0.0] AndroidManifest.xml:21:17-49
71            <meta-data
71-->[androidx.profileinstaller:profileinstaller:1.3.1] AndroidManifest.xml:29:13-31:52
72                android:name="androidx.profileinstaller.ProfileInstallerInitializer"
72-->[androidx.profileinstaller:profileinstaller:1.3.1] AndroidManifest.xml:30:17-85
73                android:value="androidx.startup" />
73-->[androidx.profileinstaller:profileinstaller:1.3.1] AndroidManifest.xml:31:17-49
74        </provider>
75
76        <uses-library
76-->[androidx.window:window:1.0.0] AndroidManifest.xml:25:9-27:40
77            android:name="androidx.window.extensions"
77-->[androidx.window:window:1.0.0] AndroidManifest.xml:26:13-54
78            android:required="false" />
78-->[androidx.window:window:1.0.0] AndroidManifest.xml:27:13-37
79        <uses-library
79-->[androidx.window:window:1.0.0] AndroidManifest.xml:28:9-30:40
80            android:name="androidx.window.sidecar"
80-->[androidx.window:window:1.0.0] AndroidManifest.xml:29:13-51
81            android:required="false" />
81-->[androidx.window:window:1.0.0] AndroidManifest.xml:30:13-37
82
83        <activity
83-->[androidx.compose.ui:ui-tooling-android:1.5.1] AndroidManifest.xml:23:9-25:39
84            android:name="androidx.compose.ui.tooling.PreviewActivity"
84-->[androidx.compose.ui:ui-tooling-android:1.5.1] AndroidManifest.xml:24:13-71
85            android:exported="true" />
85-->[androidx.compose.ui:ui-tooling-android:1.5.1] AndroidManifest.xml:25:13-36
86
87        <receiver
87-->[androidx.profileinstaller:profileinstaller:1.3.1] AndroidManifest.xml:34:9-52:20
88            android:name="androidx.profileinstaller.ProfileInstallReceiver"
88-->[androidx.profileinstaller:profileinstaller:1.3.1] AndroidManifest.xml:35:13-76
89            android:directBootAware="false"
89-->[androidx.profileinstaller:profileinstaller:1.3.1] AndroidManifest.xml:36:13-44
90            android:enabled="true"
90-->[androidx.profileinstaller:profileinstaller:1.3.1] AndroidManifest.xml:37:13-35
91            android:exported="true"
91-->[androidx.profileinstaller:profileinstaller:1.3.1] AndroidManifest.xml:38:13-36
92            android:permission="android.permission.DUMP" >
92-->[androidx.profileinstaller:profileinstaller:1.3.1] AndroidManifest.xml:39:13-57
93            <intent-filter>
93-->[androidx.profileinstaller:profileinstaller:1.3.1] AndroidManifest.xml:40:13-42:29
94                <action android:name="androidx.profileinstaller.action.INSTALL_PROFILE" />
94-->[androidx.profileinstaller:profileinstaller:1.3.1] AndroidManifest.xml:41:17-91
94-->[androidx.profileinstaller:profileinstaller:1.3.1] AndroidManifest.xml:41:25-88
95            </intent-filter>
96            <intent-filter>
96-->[androidx.profileinstaller:profileinstaller:1.3.1] AndroidManifest.xml:43:13-45:29
97                <action android:name="androidx.profileinstaller.action.SKIP_FILE" />
97-->[androidx.profileinstaller:profileinstaller:1.3.1] AndroidManifest.xml:44:17-85
97-->[androidx.profileinstaller:profileinstaller:1.3.1] AndroidManifest.xml:44:25-82
98            </intent-filter>
99            <intent-filter>
99-->[androidx.profileinstaller:profileinstaller:1.3.1] AndroidManifest.xml:46:13-48:29
100                <action android:name="androidx.profileinstaller.action.SAVE_PROFILE" />
100-->[androidx.profileinstaller:profileinstaller:1.3.1] AndroidManifest.xml:47:17-88
100-->[androidx.profileinstaller:profileinstaller:1.3.1] AndroidManifest.xml:47:25-85
101            </intent-filter>
102            <intent-filter>
102-->[androidx.profileinstaller:profileinstaller:1.3.1] AndroidManifest.xml:49:13-51:29
103                <action android:name="androidx.profileinstaller.action.BENCHMARK_OPERATION" />
103-->[androidx.profileinstaller:profileinstaller:1.3.1] AndroidManifest.xml:50:17-95
103-->[androidx.profileinstaller:profileinstaller:1.3.1] AndroidManifest.xml:50:25-92
104            </intent-filter>
105        </receiver>
106    </application>
107
108</manifest>